<?xml version="1.0" standalone="yes" ?>
<!DOCTYPE bugzilla SYSTEM "https://bugzilla.cyrusimap.org/bugzilla.dtd">

<bugzilla version="3.2.5.1-2"
          urlbase="https://bugzilla.cyrusimap.org/"
          maintainer="Dave McMurtrie &lt;dave64@andrew.cmu.edu&gt;"
>

    <bug>
          <bug_id>2674</bug_id>
          
          <creation_ts>2005-06-01 21:28 EDT</creation_ts>
          <short_desc>Build doesn&apos;t finish when configured without db, des, openssl and with static</short_desc>
          <delta_ts>2005-10-25 11:51:08 EDT</delta_ts>
          <reporter_accessible>1</reporter_accessible>
          <cclist_accessible>1</cclist_accessible>
          <classification_id>1</classification_id>
          <classification>Unclassified</classification>
          <product>Cyrus SASL</product>
          <component>SASL</component>
          <version>2.1.x</version>
          <rep_platform>Other</rep_platform>
          <op_sys>other</op_sys>
          <bug_status>NEW</bug_status>
          
          
          
          
          
          <priority>P2</priority>
          <bug_severity>bug</bug_severity>
          <target_milestone>Future</target_milestone>
          
          
          
          <everconfirmed>1</everconfirmed>
          <reporter name="William Lachance">wrlach@gmail.com</reporter>
          <assigned_to name="Ken Murchison">murch@andrew.cmu.edu</assigned_to>
          
          <qa_contact name="The Cyrus Bugzilla List">cyrus-bugzilla@lists.andrew.cmu.edu</qa_contact>

      

      

      
          <long_desc isprivate="0">
            <who name="William Lachance">wrlach@gmail.com</who>
            <bug_when>2005-06-01 21:28:42 EDT</bug_when>
            <thetext>Steps to reproduce:

tar zxvf cyrus-sasl-2.1.21.tar.gz
cd cyrus-sasl-2.1.21
./configure --with-dblib=no --enable-static --without-des --without-openssl
make

fails here:

ar cru .libs/libsasl2.a sasldb.o db_none.o cram.o digestmd5.o gssapi.o plain.o
anonymous.o
ar: sasldb.o: No such file or directory
make[2]: *** [libsasl2.a] Error 1
make[2]: Leaving directory `/home/wlach/tmp/cyrus-sasl-2.1.21/lib&apos;
make[1]: *** [all-recursive] Error 1
make[1]: Leaving directory `/home/wlach/tmp/cyrus-sasl-2.1.21&apos;
make: *** [all] Error 2

going into lib, typing &apos;make&apos;, then going back into cyrus-sasl-2.1.21 and typing
&apos;make&apos; again allows the process to finish. This leads me to suspect that some
dependancy isn&apos;t being properly expressed.</thetext>
          </long_desc>
      
      

    </bug>

</bugzilla>