<?xml version="1.0" standalone="yes" ?>
<!DOCTYPE bugzilla SYSTEM "https://bugzilla.cyrusimap.org/bugzilla.dtd">

<bugzilla version="3.2.5.1-2"
          urlbase="https://bugzilla.cyrusimap.org/"
          maintainer="Dave McMurtrie &lt;dave64@andrew.cmu.edu&gt;"
>

    <bug>
          <bug_id>3460</bug_id>
          
          <creation_ts>2011-05-09 17:54 EDT</creation_ts>
          <short_desc>static declaration of &apos;global_callbacks&apos; follows non-static declaration</short_desc>
          <delta_ts>2012-06-01 13:16:29 EDT</delta_ts>
          <reporter_accessible>1</reporter_accessible>
          <cclist_accessible>1</cclist_accessible>
          <classification_id>1</classification_id>
          <classification>Unclassified</classification>
          <product>Cyrus SASL</product>
          <component>SASL</component>
          <version>2.1.x</version>
          <rep_platform>PC</rep_platform>
          <op_sys>Solaris</op_sys>
          <bug_status>RESOLVED</bug_status>
          <resolution>FIXED</resolution>
          
          
          
          
          <priority>P3</priority>
          <bug_severity>bug</bug_severity>
          <target_milestone>2.1-next</target_milestone>
          
          
          
          <everconfirmed>1</everconfirmed>
          <reporter name="Pavel Heimlich">tropikhajma@gmail.com</reporter>
          <assigned_to name="Ken Murchison">murch@andrew.cmu.edu</assigned_to>
          <cc>Alexey.Melnikov@isode.com</cc>
          <qa_contact name="The Cyrus Bugzilla List">cyrus-bugzilla@lists.andrew.cmu.edu</qa_contact>

      

      

      
          <long_desc isprivate="0">
            <who name="Pavel Heimlich">tropikhajma@gmail.com</who>
            <bug_when>2011-05-09 17:54:47 EDT</bug_when>
            <thetext>building cyrus-sasl 2.1.23 on Solaris 11e, x86, with gcc 4.5.2 fails with the below error.
It compiles when I comment out the offending declaration from lib/client.c, but I&apos;m not sure if this is the best solution.



...
gmake[2]: Entering directory `/home/test/packages/BUILD/cyrus-sasl-2.1.21/i386/cyrus-sasl-2.1.21/lib&apos;
if /bin/sh ../libtool --mode=compile /usr/gcc/4.5/bin/gcc -DHAVE_CONFIG_H -I. -I. -I.. -I../include -I../plugins -I../include -I../sasldb    -Wall -W -g -O2 -MT client.lo -MD -MP -MF &quot;.deps/client.Tpo&quot; \
	  -c -o client.lo `test -f &apos;client.c&apos; || echo &apos;./&apos;`client.c; \
	then mv &quot;.deps/client.Tpo&quot; &quot;.deps/client.Plo&quot;; \
	else rm -f &quot;.deps/client.Tpo&quot;; exit 1; \
	fi
/usr/gcc/4.5/bin/gcc -DHAVE_CONFIG_H -I. -I. -I.. -I../include -I../plugins -I../include -I../sasldb -Wall -W -g -O2 -MT client.lo -MD -MP -MF .deps/client.Tpo -c client.c  -fPIC -DPIC -o client.lo
client.c:64:32: error: static declaration of &apos;global_callbacks&apos; follows non-static declaration
saslint.h:112:32: note: previous declaration of &apos;global_callbacks&apos; was here
client.c: In function &apos;_sasl_print_mechanism&apos;:
client.c:862:9: warning: unused parameter &apos;rock&apos;
gmake[2]: *** [client.lo] Error 1
gmake[2]: Leaving directory `/home/test/packages/BUILD/cyrus-sasl-2.1.21/i386/cyrus-sasl-2.1.21/lib&apos;
gmake[1]: *** [all-recursive] Error 1
gmake[1]: Leaving directory `/home/test/packages/BUILD/cyrus-sasl-2.1.21/i386/cyrus-sasl-2.1.21&apos;
gmake: *** [all] Error 2</thetext>
          </long_desc>
          <long_desc isprivate="0">
            <who name="Alexey Melnikov">Alexey.Melnikov@isode.com</who>
            <bug_when>2012-06-01 13:16:29 EDT</bug_when>
            <thetext>This should be fixed by 32c3b03ef4918a457f2be41ba12f349f1de0f8fd post 2.1.25.</thetext>
          </long_desc>
      
      

    </bug>

</bugzilla>